#
# A fatal error has been detected by the Java Runtime Environment:
#
#  EXCEPTION_ACCESS_VIOLATION (0xc0000005) at pc=0x000000006b1d9d03, pid=2912, tid=9552
#
# JRE version: OpenJDK Runtime Environment (10.0.2+13) (build 10.0.2+13)
# Java VM: OpenJDK 64-Bit Server VM (10.0.2+13, mixed mode, tiered, compressed oops, g1 gc, windows-amd64)
# Problematic frame:
# V  [jvm.dll+0x309d03]
#
# No core dump will be written. Minidumps are not enabled by default on client versions of Windows
#
# If you would like to submit a bug report, please visit:
#   http://bugreport.java.com/bugreport/crash.jsp
#

---------------  S U M M A R Y ------------

Command Line: -agentlib:jdwp=transport=dt_socket,address=127.0.0.1:50678,suspend=y,server=n -javaagent:C:\Users\user\.IdeaIC2018.2\system\captureAgent\debugger-agent.jar=file:/C:/Users/user/AppData/Local/Temp/capture.props -Dfile.encoding=UTF-8 FastCollinearPoints input8.txt

Host: Intel(R) Core(TM) i7-3770K CPU @ 3.50GHz, 8 cores, 15G,  Windows 7 , 64 bit Build 7601 (6.1.7601.24260)
Time: Sun Oct 28 22:21:04 2018 GMT - a?aiy ii A?eiae?o (ceia) elapsed time: 966 seconds (0d 0h 16m 6s)

---------------  T H R E A D  ---------------

Current thread (0x0000000029ede800):  VMThread "VM Thread" [stack: 0x0000000029260000,0x0000000029360000] [id=9552]

Stack: [0x0000000029260000,0x0000000029360000],  sp=0x000000002935ec40,  free space=1019k
Native frames: (J=compiled Java code, j=interpreted, Vv=VM code, C=native code)
V  [jvm.dll+0x309d03]
V  [jvm.dll+0x30d786]
V  [jvm.dll+0x30db42]
V  [jvm.dll+0x309fb5]
V  [jvm.dll+0x544acf]
V  [jvm.dll+0x544eb6]
V  [jvm.dll+0x544c76]
V  [jvm.dll+0x514858]
V  [jvm.dll+0x42e74a]
V  [jvm.dll+0x672d9c]
V  [jvm.dll+0x67166c]
V  [jvm.dll+0x671e80]
V  [jvm.dll+0x6721bc]
V  [jvm.dll+0x551390]
C  [msvcr120.dll+0x24f7f]
C  [msvcr120.dll+0x25126]
C  [kernel32.dll+0x159cd]
C  [ntdll.dll+0x5385d]


siginfo: EXCEPTION_ACCESS_VIOLATION (0xc0000005), reading address 0xffffffffffffffff


Register to memory mapping:

RIP=0x000000006b1d9d03 jvm.dll
RAX=0x0000000028806020 is an unknown value
RBX=0x000000002935ee60 is an unknown value
RCX=0x000000002935eed0 is an unknown value
RDX=0xffffffffffffffb4 is an unknown value
RSP=0x000000002935ec40 is an unknown value
RBP=0x000000002935eca0 is an unknown value
RSI=0x0000000000000000 is an unknown value
RDI=0x00000000000000a7 is an unknown value
R8 =0x03fffffffffffffe is an unknown value
R9 =0x0000000000000034 is an unknown value
R10=0x000000000000008e is an unknown value
R11=0x000000002935f2b0 is an unknown value
R12=0x0000000000000000 is an unknown value
R13=0x00000000000003d8 is an unknown value
R14=0x000000006b1d9ce0 jvm.dll
R15=0x00000000000000b0 is an unknown value


Registers:
RAX=0x0000000028806020, RBX=0x000000002935ee60, RCX=0x000000002935eed0, RDX=0xffffffffffffffb4
RSP=0x000000002935ec40, RBP=0x000000002935eca0, RSI=0x0000000000000000, RDI=0x00000000000000a7
R8 =0x03fffffffffffffe, R9 =0x0000000000000034, R10=0x000000000000008e, R11=0x000000002935f2b0
R12=0x0000000000000000, R13=0x00000000000003d8, R14=0x000000006b1d9ce0, R15=0x00000000000000b0
RIP=0x000000006b1d9d03, EFLAGS=0x0000000000010a03

Top of Stack: (sp=0x000000002935ec40)
0x000000002935ec40:   000000001370f210 000000006b3fe23d
0x000000002935ec50:   0000000000000000 0000000028805f80
0x000000002935ec60:   000000002935ee60 000000006b1dd786
0x000000002935ec70:   0000c1ce150304ff 000000002935ee60
0x000000002935ec80:   000000000bc37328 0000000028805fa0
0x000000002935ec90:   0000000028805fd0 000000006afd38ba
0x000000002935eca0:   0000000028806358 0000000000000001
0x000000002935ecb0:   00000000000000a7 0000000028805f70
0x000000002935ecc0:   00000000000000b0 000000006b1ddb42
0x000000002935ecd0:   00000000000000ad 0000000000000001
0x000000002935ece0:   000000002935ee60 0000000028805f70
0x000000002935ecf0:   0000000029b138f8 0000000029ede800
0x000000002935ed00:   000000b3000000b0 000000a7000000d6
0x000000002935ed10:   000000d600000000 ffffffff000000a7
0x000000002935ed20:   0000000028806358 0000000000000000
0x000000002935ed30:   000000006b5f9488 000000006b1d9fb5 

Instructions: (pc=0x000000006b1d9d03)
0x000000006b1d9ce3:   83 ec 20 48 63 d2 48 8b d9 48 83 c1 70 0f b6 c2
0x000000006b1d9cf3:   4c 8b c2 24 3f 49 c1 e8 06 44 0f b6 c8 48 8b 01
0x000000006b1d9d03:   4e 8b 04 c0 4d 0f a3 c8 72 0b 41 b0 01 e8 ab 91
0x000000006b1d9d13:   df ff ff 43 6c 48 83 c4 20 5b c3 cc cc 48 83 ec 


VM_Operation (0x000000002b97f640): GetOrSetLocal, mode: safepoint, requested by thread 0x000000002a260000


---------------  P R O C E S S  ---------------

Threads class SMR info:
_java_thread_list=0x000000002a15bb50, length=20, elements={
0x0000000000145800, 0x0000000029ee3800, 0x0000000029ee4000, 0x0000000029eeb800,
0x0000000029ef6800, 0x0000000029ef7000, 0x0000000029efb000, 0x0000000029f5a800,
0x0000000029f5b800, 0x0000000029f5e000, 0x000000002a260000, 0x000000002a22d000,
0x000000002a22e000, 0x000000002a257800, 0x000000002b097800, 0x000000002b2a8000,
0x000000002b2a6000, 0x000000002b2a7000, 0x000000002e4d5000, 0x00000000301ef000
}

Java Threads: ( => current thread )
  0x0000000000145800 JavaThread "main" [_thread_blocked, id=6468, stack(0x00000000022a0000,0x00000000023a0000)]
  0x0000000029ee3800 JavaThread "Reference Handler" daemon [_thread_blocked, id=5500, stack(0x000000002a2a0000,0x000000002a3a0000)]
  0x0000000029ee4000 JavaThread "Finalizer" daemon [_thread_blocked, id=9640, stack(0x000000002a540000,0x000000002a640000)]
  0x0000000029eeb800 JavaThread "Signal Dispatcher" daemon [_thread_blocked, id=3876, stack(0x000000002a680000,0x000000002a780000)]
  0x0000000029ef6800 JavaThread "Attach Listener" daemon [_thread_blocked, id=10468, stack(0x000000002a880000,0x000000002a980000)]
  0x0000000029ef7000 JavaThread "C2 CompilerThread0" daemon [_thread_blocked, id=7908, stack(0x000000002aa30000,0x000000002ab30000)]
  0x0000000029efb000 JavaThread "C2 CompilerThread1" daemon [_thread_blocked, id=9176, stack(0x000000002ac00000,0x000000002ad00000)]
  0x0000000029f5a800 JavaThread "C2 CompilerThread2" daemon [_thread_blocked, id=9284, stack(0x000000002ad60000,0x000000002ae60000)]
  0x0000000029f5b800 JavaThread "C1 CompilerThread3" daemon [_thread_blocked, id=9308, stack(0x000000002af70000,0x000000002b070000)]
  0x0000000029f5e000 JavaThread "Sweeper thread" daemon [_thread_blocked, id=9032, stack(0x000000002a3f0000,0x000000002a4f0000)]
  0x000000002a260000 JavaThread "JDWP Transport Listener: dt_socket" daemon [_thread_blocked, id=8888, stack(0x000000002b880000,0x000000002b980000)] _threads_hazard_ptr=0x000000002a15bb50
  0x000000002a22d000 JavaThread "JDWP Event Helper Thread" daemon [_thread_blocked, id=10544, stack(0x000000002a780000,0x000000002a880000)]
  0x000000002a22e000 JavaThread "JDWP Command Reader" daemon [_thread_in_native, id=5200, stack(0x000000002ba20000,0x000000002bb20000)]
  0x000000002a257800 JavaThread "Common-Cleaner" daemon [_thread_blocked, id=1204, stack(0x000000002bc80000,0x000000002bd80000)]
  0x000000002b097800 JavaThread "Service Thread" daemon [_thread_blocked, id=6480, stack(0x000000002be60000,0x000000002bf60000)]
  0x000000002b2a8000 JavaThread "Java2D Disposer" daemon [_thread_blocked, id=8448, stack(0x000000002c2d0000,0x000000002c3d0000)]
  0x000000002b2a6000 JavaThread "AWT-Shutdown" [_thread_blocked, id=8020, stack(0x000000002c4d0000,0x000000002c5d0000)]
  0x000000002b2a7000 JavaThread "AWT-Windows" daemon [_thread_blocked, id=8348, stack(0x000000002c610000,0x000000002c710000)]
  0x000000002e4d5000 JavaThread "AWT-EventQueue-0" [_thread_in_native, id=7776, stack(0x0000000031080000,0x0000000031180000)]
  0x00000000301ef000 JavaThread "D3D Screen Updater" daemon [_thread_in_native, id=7832, stack(0x0000000031240000,0x0000000031340000)]

Other Threads:
=>0x0000000029ede800 VMThread "VM Thread" [stack: 0x0000000029260000,0x0000000029360000] [id=9552]
  0x000000002b09e000 WatcherThread [stack: 0x000000002bb30000,0x000000002bc30000] [id=9112]
  0x000000000015a000 GCTaskThread "GC Thread#0" [stack: 0x000000001ad90000,0x000000001ae90000] [id=8092]
  0x000000000015e800 GCTaskThread "GC Thread#1" [stack: 0x000000001b080000,0x000000001b180000] [id=10032]
  0x0000000000160000 GCTaskThread "GC Thread#2" [stack: 0x000000001b1a0000,0x000000001b2a0000] [id=6544]
  0x0000000000164800 GCTaskThread "GC Thread#3" [stack: 0x000000001b2c0000,0x000000001b3c0000] [id=8256]
  0x0000000000166800 GCTaskThread "GC Thread#4" [stack: 0x000000001aed0000,0x000000001afd0000] [id=8860]
  0x0000000000168000 GCTaskThread "GC Thread#5" [stack: 0x000000001b550000,0x000000001b650000] [id=9428]
  0x0000000000173000 GCTaskThread "GC Thread#6" [stack: 0x000000001b740000,0x000000001b840000] [id=10168]
  0x0000000000174000 GCTaskThread "GC Thread#7" [stack: 0x000000001b840000,0x000000001b940000] [id=11152]
  0x000000000019f800 ConcurrentGCThread "G1 Main Marker" [stack: 0x0000000025bc0000,0x0000000025cc0000] [id=8816]
  0x00000000258fb000 ConcurrentGCThread "G1 Conc#0" [stack: 0x0000000025d20000,0x0000000025e20000] [id=11112]
  0x00000000258fc000 ConcurrentGCThread "G1 Conc#1" [stack: 0x0000000025ee0000,0x0000000025fe0000] [id=6072]
  0x00000000287fc800 ConcurrentGCThread "G1 Refine#0" [stack: 0x0000000028980000,0x0000000028a80000] [id=9464]
  0x00000000287ff000 ConcurrentGCThread "G1 Refine#1" [stack: 0x0000000028ad0000,0x0000000028bd0000] [id=10656]
  0x0000000028800000 ConcurrentGCThread "G1 Refine#2" [stack: 0x0000000028d40000,0x0000000028e40000] [id=6284]
  0x0000000028800800 ConcurrentGCThread "G1 Refine#3" [stack: 0x0000000028fb0000,0x00000000290b0000] [id=7416]
  0x0000000028803800 ConcurrentGCThread "G1 Refine#4" [stack: 0x00000000290b0000,0x00000000291b0000] [id=9912]
  0x0000000028804800 ConcurrentGCThread "G1 Refine#5" [stack: 0x0000000028c20000,0x0000000028d20000] [id=5376]
  0x0000000028809000 ConcurrentGCThread "G1 Refine#6" [stack: 0x0000000028e70000,0x0000000028f70000] [id=10532]
  0x000000002880e000 ConcurrentGCThread "G1 Refine#7" [stack: 0x0000000029390000,0x0000000029490000] [id=4688]
  0x000000002880e800 ConcurrentGCThread "G1 Young RemSet Sampling" [stack: 0x0000000029590000,0x0000000029690000] [id=9184]

Threads with active compile tasks:

VM state:at safepoint (normal execution)

VM Mutex/Monitor currently owned by a thread:  ([mutex/lock_event])
[0x0000000000141b00] Threads_lock - owner thread: 0x0000000029ede800

Heap address: 0x00000006c0c00000, size: 4084 MB, Compressed Oops mode: Zero based, Oop shift amount: 3
Narrow klass base: 0x0000000000000000, Narrow klass shift: 3
Compressed class space size: 1073741824 Address: 0x00000007c0000000

Heap:
 garbage-first heap   total 262144K, used 21504K [0x00000006c0c00000, 0x00000007c0000000)
  region size 1024K, 18 young (18432K), 0 survivors (0K)
 Metaspace       used 15744K, capacity 16144K, committed 16384K, reserved 1064960K
  class space    used 1575K, capacity 1773K, committed 1792K, reserved 1048576K
Heap Regions: E=young(eden), S=young(survivor), O=old, HS=humongous(starts), HC=humongous(continues), CS=collection set, F=free, A=archive, TS=gc time stamp, AC=allocation context, TAMS=top-at-mark-start (previous, next)
|   0|0x00000006c0c00000, 0x00000006c0d00000, 0x00000006c0d00000|100%|HS|  |TS  0|AC  0|TAMS 0x00000006c0c00000, 0x00000006c0c00000|
|   1|0x00000006c0d00000, 0x00000006c0e00000, 0x00000006c0e00000|100%|HC|  |TS  0|AC  0|TAMS 0x00000006c0d00000, 0x00000006c0d00000|
|   2|0x00000006c0e00000, 0x00000006c0f00000, 0x00000006c0f00000|100%|HS|  |TS  0|AC  0|TAMS 0x00000006c0e00000, 0x00000006c0e00000|
|   3|0x00000006c0f00000, 0x00000006c1000000, 0x00000006c1000000|100%|HC|  |TS  0|AC  0|TAMS 0x00000006c0f00000, 0x00000006c0f00000|
|   4|0x00000006c1000000, 0x00000006c1000000, 0x00000006c1100000|  0%| F|  |TS  0|AC  0|TAMS 0x00000006c1000000, 0x00000006c1000000|
|   5|0x00000006c1100000, 0x00000006c1100000, 0x00000006c1200000|  0%| F|  |TS  0|AC  0|TAMS 0x00000006c1100000, 0x00000006c1100000|
|   6|0x00000006c1200000, 0x00000006c1200000, 0x00000006c1300000|  0%| F|  |TS  0|AC  0|TAMS 0x00000006c1200000, 0x00000006c1200000|
|   7|0x00000006c1300000, 0x00000006c1300000, 0x00000006c1400000|  0%| F|  |TS  0|AC  0|TAMS 0x00000006c1300000, 0x00000006c1300000|
|   8|0x00000006c1400000, 0x00000006c1400000, 0x00000006c1500000|  0%| F|  |TS  0|AC  0|TAMS 0x00000006c1400000, 0x00000006c1400000|
|   9|0x00000006c1500000, 0x00000006c1500000, 0x00000006c1600000|  0%| F|  |TS  0|AC  0|TAMS 0x00000006c1500000, 0x00000006c1500000|
|  10|0x00000006c1600000, 0x00000006c1600000, 0x00000006c1700000|  0%| F|  |TS  0|AC  0|TAMS 0x00000006c1600000, 0x00000006c1600000|
|  11|0x00000006c1700000, 0x00000006c1700000, 0x00000006c1800000|  0%| F|  |TS  0|AC  0|TAMS 0x00000006c1700000, 0x00000006c1700000|
|  12|0x00000006c1800000, 0x00000006c1800000, 0x00000006c1900000|  0%| F|  |TS  0|AC  0|TAMS 0x00000006c1800000, 0x00000006c1800000|
|  13|0x00000006c1900000, 0x00000006c1900000, 0x00000006c1a00000|  0%| F|  |TS  0|AC  0|TAMS 0x00000006c1900000, 0x00000006c1900000|
|  14|0x00000006c1a00000, 0x00000006c1a00000, 0x00000006c1b00000|  0%| F|  |TS  0|AC  0|TAMS 0x00000006c1a00000, 0x00000006c1a00000|
|  15|0x00000006c1b00000, 0x00000006c1b00000, 0x00000006c1c00000|  0%| F|  |TS  0|AC  0|TAMS 0x00000006c1b00000, 0x00000006c1b00000|
|  16|0x00000006c1c00000, 0x00000006c1c00000, 0x00000006c1d00000|  0%| F|  |TS  0|AC  0|TAMS 0x00000006c1c00000, 0x00000006c1c00000|
|  17|0x00000006c1d00000, 0x00000006c1d00000, 0x00000006c1e00000|  0%| F|  |TS  0|AC  0|TAMS 0x00000006c1d00000, 0x00000006c1d00000|
|  18|0x00000006c1e00000, 0x00000006c1e00000, 0x00000006c1f00000|  0%| F|  |TS  0|AC  0|TAMS 0x00000006c1e00000, 0x00000006c1e00000|
|  19|0x00000006c1f00000, 0x00000006c1f00000, 0x00000006c2000000|  0%| F|  |TS  0|AC  0|TAMS 0x00000006c1f00000, 0x00000006c1f00000|
|  20|0x00000006c2000000, 0x00000006c2000000, 0x00000006c2100000|  0%| F|  |TS  0|AC  0|TAMS 0x00000006c2000000, 0x00000006c2000000|
|  21|0x00000006c2100000, 0x00000006c2100000, 0x00000006c2200000|  0%| F|  |TS  0|AC  0|TAMS 0x00000006c2100000, 0x00000006c2100000|
|  22|0x00000006c2200000, 0x00000006c2200000, 0x00000006c2300000|  0%| F|  |TS  0|AC  0|TAMS 0x00000006c2200000, 0x00000006c2200000|
|  23|0x00000006c2300000, 0x00000006c2300000, 0x00000006c2400000|  0%| F|  |TS  0|AC  0|TAMS 0x00000006c2300000, 0x00000006c2300000|
|  24|0x00000006c2400000, 0x00000006c2400000, 0x00000006c2500000|  0%| F|  |TS  0|AC  0|TAMS 0x00000006c2400000, 0x00000006c2400000|
|  25|0x00000006c2500000, 0x00000006c2500000, 0x00000006c2600000|  0%| F|  |TS  0|AC  0|TAMS 0x00000006c2500000, 0x00000006c2500000|
|  26|0x00000006c2600000, 0x00000006c2600000, 0x00000006c2700000|  0%| F|  |TS  0|AC  0|TAMS 0x00000006c2600000, 0x00000006c2600000|
|  27|0x00000006c2700000, 0x00000006c2700000, 0x00000006c2800000|  0%| F|  |TS  0|AC  0|TAMS 0x00000006c2700000, 0x00000006c2700000|
|  28|0x00000006c2800000, 0x00000006c2800000, 0x00000006c2900000|  0%| F|  |TS  0|AC  0|TAMS 0x00000006c2800000, 0x00000006c2800000|
|  29|0x00000006c2900000, 0x00000006c2900000, 0x00000006c2a00000|  0%| F|  |TS  0|AC  0|TAMS 0x00000006c2900000, 0x00000006c2900000|
|  30|0x00000006c2a00000, 0x00000006c2a00000, 0x00000006c2b00000|  0%| F|  |TS  0|AC  0|TAMS 0x00000006c2a00000, 0x00000006c2a00000|
|  31|0x00000006c2b00000, 0x00000006c2b00000, 0x00000006c2c00000|  0%| F|  |TS  0|AC  0|TAMS 0x00000006c2b00000, 0x00000006c2b00000|
|  32|0x00000006c2c00000, 0x00000006c2c00000, 0x00000006c2d00000|  0%| F|  |TS  0|AC  0|TAMS 0x00000006c2c00000, 0x00000006c2c00000|
|  33|0x00000006c2d00000, 0x00000006c2d00000, 0x00000006c2e00000|  0%| F|  |TS  0|AC  0|TAMS 0x00000006c2d00000, 0x00000006c2d00000|
|  34|0x00000006c2e00000, 0x00000006c2e00000, 0x00000006c2f00000|  0%| F|  |TS  0|AC  0|TAMS 0x00000006c2e00000, 0x00000006c2e00000|
|  35|0x00000006c2f00000, 0x00000006c2f00000, 0x00000006c3000000|  0%| F|  |TS  0|AC  0|TAMS 0x00000006c2f00000, 0x00000006c2f00000|
|  36|0x00000006c3000000, 0x00000006c3000000, 0x00000006c3100000|  0%| F|  |TS  0|AC  0|TAMS 0x00000006c3000000, 0x00000006c3000000|
|  37|0x00000006c3100000, 0x00000006c3100000, 0x00000006c3200000|  0%| F|  |TS  0|AC  0|TAMS 0x00000006c3100000, 0x00000006c3100000|
|  38|0x00000006c3200000, 0x00000006c3200000, 0x00000006c3300000|  0%| F|  |TS  0|AC  0|TAMS 0x00000006c3200000, 0x00000006c3200000|
|  39|0x00000006c3300000, 0x00000006c3300000, 0x00000006c3400000|  0%| F|  |TS  0|AC  0|TAMS 0x00000006c3300000, 0x00000006c3300000|
|  40|0x00000006c3400000, 0x00000006c3400000, 0x00000006c3500000|  0%| F|  |TS  0|AC  0|TAMS 0x00000006c3400000, 0x00000006c3400000|
|  41|0x00000006c3500000, 0x00000006c3500000, 0x00000006c3600000|  0%| F|  |TS  0|AC  0|TAMS 0x00000006c3500000, 0x00000006c3500000|
|  42|0x00000006c3600000, 0x00000006c3600000, 0x00000006c3700000|  0%| F|  |TS  0|AC  0|TAMS 0x00000006c3600000, 0x00000006c3600000|
|  43|0x00000006c3700000, 0x00000006c3700000, 0x00000006c3800000|  0%| F|  |TS  0|AC  0|TAMS 0x00000006c3700000, 0x00000006c3700000|
|  44|0x00000006c3800000, 0x00000006c3800000, 0x00000006c3900000|  0%| F|  |TS  0|AC  0|TAMS 0x00000006c3800000, 0x00000006c3800000|
|  45|0x00000006c3900000, 0x00000006c3900000, 0x00000006c3a00000|  0%| F|  |TS  0|AC  0|TAMS 0x00000006c3900000, 0x00000006c3900000|
|  46|0x00000006c3a00000, 0x00000006c3a00000, 0x00000006c3b00000|  0%| F|  |TS  0|AC  0|TAMS 0x00000006c3a00000, 0x00000006c3a00000|
|  47|0x00000006c3b00000, 0x00000006c3b00000, 0x00000006c3c00000|  0%| F|  |TS  0|AC  0|TAMS 0x00000006c3b00000, 0x00000006c3b00000|
|  48|0x00000006c3c00000, 0x00000006c3c00000, 0x00000006c3d00000|  0%| F|  |TS  0|AC  0|TAMS 0x00000006c3c00000, 0x00000006c3c00000|
|  49|0x00000006c3d00000, 0x00000006c3d00000, 0x00000006c3e00000|  0%| F|  |TS  0|AC  0|TAMS 0x00000006c3d00000, 0x00000006c3d00000|
|  50|0x00000006c3e00000, 0x00000006c3e00000, 0x00000006c3f00000|  0%| F|  |TS  0|AC  0|TAMS 0x00000006c3e00000, 0x00000006c3e00000|
|  51|0x00000006c3f00000, 0x00000006c3f00000, 0x00000006c4000000|  0%| F|  |TS  0|AC  0|TAMS 0x00000006c3f00000, 0x00000006c3f00000|
|  52|0x00000006c4000000, 0x00000006c4000000, 0x00000006c4100000|  0%| F|  |TS  0|AC  0|TAMS 0x00000006c4000000, 0x00000006c4000000|
|  53|0x00000006c4100000, 0x00000006c4100000, 0x00000006c4200000|  0%| F|  |TS  0|AC  0|TAMS 0x00000006c4100000, 0x00000006c4100000|
|  54|0x00000006c4200000, 0x00000006c4200000, 0x00000006c4300000|  0%| F|  |TS  0|AC  0|TAMS 0x00000006c4200000, 0x00000006c4200000|
|  55|0x00000006c4300000, 0x00000006c4300000, 0x00000006c4400000|  0%| F|  |TS  0|AC  0|TAMS 0x00000006c4300000, 0x00000006c4300000|
|  56|0x00000006c4400000, 0x00000006c4400000, 0x00000006c4500000|  0%| F|  |TS  0|AC  0|TAMS 0x00000006c4400000, 0x00000006c4400000|
|  57|0x00000006c4500000, 0x00000006c4500000, 0x00000006c4600000|  0%| F|  |TS  0|AC  0|TAMS 0x00000006c4500000, 0x00000006c4500000|
|  58|0x00000006c4600000, 0x00000006c4600000, 0x00000006c4700000|  0%| F|  |TS  0|AC  0|TAMS 0x00000006c4600000, 0x00000006c4600000|
|  59|0x00000006c4700000, 0x00000006c4700000, 0x00000006c4800000|  0%| F|  |TS  0|AC  0|TAMS 0x00000006c4700000, 0x00000006c4700000|
|  60|0x00000006c4800000, 0x00000006c4800000, 0x00000006c4900000|  0%| F|  |TS  0|AC  0|TAMS 0x00000006c4800000, 0x00000006c4800000|
|  61|0x00000006c4900000, 0x00000006c4900000, 0x00000006c4a00000|  0%| F|  |TS  0|AC  0|TAMS 0x00000006c4900000, 0x00000006c4900000|
|  62|0x00000006c4a00000, 0x00000006c4a00000, 0x00000006c4b00000|  0%| F|  |TS  0|AC  0|TAMS 0x00000006c4a00000, 0x00000006c4a00000|
|  63|0x00000006c4b00000, 0x00000006c4b00000, 0x00000006c4c00000|  0%| F|  |TS  0|AC  0|TAMS 0x00000006c4b00000, 0x00000006c4b00000|
|  64|0x00000006c4c00000, 0x00000006c4c00000, 0x00000006c4d00000|  0%| F|  |TS  0|AC  0|TAMS 0x00000006c4c00000, 0x00000006c4c00000|
|  65|0x00000006c4d00000, 0x00000006c4d00000, 0x00000006c4e00000|  0%| F|  |TS  0|AC  0|TAMS 0x00000006c4d00000, 0x00000006c4d00000|
|  66|0x00000006c4e00000, 0x00000006c4e00000, 0x00000006c4f00000|  0%| F|  |TS  0|AC  0|TAMS 0x00000006c4e00000, 0x00000006c4e00000|
|  67|0x00000006c4f00000, 0x00000006c4f00000, 0x00000006c5000000|  0%| F|  |TS  0|AC  0|TAMS 0x00000006c4f00000, 0x00000006c4f00000|
|  68|0x00000006c5000000, 0x00000006c5000000, 0x00000006c5100000|  0%| F|  |TS  0|AC  0|TAMS 0x00000006c5000000, 0x00000006c5000000|
|  69|0x00000006c5100000, 0x00000006c5100000, 0x00000006c5200000|  0%| F|  |TS  0|AC  0|TAMS 0x00000006c5100000, 0x00000006c5100000|
|  70|0x00000006c5200000, 0x00000006c5200000, 0x00000006c5300000|  0%| F|  |TS  0|AC  0|TAMS 0x00000006c5200000, 0x00000006c5200000|
|  71|0x00000006c5300000, 0x00000006c5300000, 0x00000006c5400000|  0%| F|  |TS  0|AC  0|TAMS 0x00000006c5300000, 0x00000006c5300000|
|  72|0x00000006c5400000, 0x00000006c5400000, 0x00000006c5500000|  0%| F|  |TS  0|AC  0|TAMS 0x00000006c5400000, 0x00000006c5400000|
|  73|0x00000006c5500000, 0x00000006c5500000, 0x00000006c5600000|  0%| F|  |TS  0|AC  0|TAMS 0x00000006c5500000, 0x00000006c5500000|
|  74|0x00000006c5600000, 0x00000006c5600000, 0x00000006c5700000|  0%| F|  |TS  0|AC  0|TAMS 0x00000006c5600000, 0x00000006c5600000|
|  75|0x00000006c5700000, 0x00000006c5700000, 0x00000006c5800000|  0%| F|  |TS  0|AC  0|TAMS 0x00000006c5700000, 0x00000006c5700000|
|  76|0x00000006c5800000, 0x00000006c5800000, 0x00000006c5900000|  0%| F|  |TS  0|AC  0|TAMS 0x00000006c5800000, 0x00000006c5800000|
|  77|0x00000006c5900000, 0x00000006c5900000, 0x00000006c5a00000|  0%| F|  |TS  0|AC  0|TAMS 0x00000006c5900000, 0x00000006c5900000|
|  78|0x00000006c5a00000, 0x00000006c5a00000, 0x00000006c5b00000|  0%| F|  |TS  0|AC  0|TAMS 0x00000006c5a00000, 0x00000006c5a00000|
|  79|0x00000006c5b00000, 0x00000006c5b00000, 0x00000006c5c00000|  0%| F|  |TS  0|AC  0|TAMS 0x00000006c5b00000, 0x00000006c5b00000|
|  80|0x00000006c5c00000, 0x00000006c5c00000, 0x00000006c5d00000|  0%| F|  |TS  0|AC  0|TAMS 0x00000006c5c00000, 0x00000006c5c00000|
|  81|0x00000006c5d00000, 0x00000006c5d00000, 0x00000006c5e00000|  0%| F|  |TS  0|AC  0|TAMS 0x00000006c5d00000, 0x00000006c5d00000|
|  82|0x00000006c5e00000, 0x00000006c5e00000, 0x00000006c5f00000|  0%| F|  |TS  0|AC  0|TAMS 0x00000006c5e00000, 0x00000006c5e00000|
|  83|0x00000006c5f00000, 0x00000006c5f00000, 0x00000006c6000000|  0%| F|  |TS  0|AC  0|TAMS 0x00000006c5f00000, 0x00000006c5f00000|
|  84|0x00000006c6000000, 0x00000006c6000000, 0x00000006c6100000|  0%| F|  |TS  0|AC  0|TAMS 0x00000006c6000000, 0x00000006c6000000|
|  85|0x00000006c6100000, 0x00000006c6100000, 0x00000006c6200000|  0%| F|  |TS  0|AC  0|TAMS 0x00000006c6100000, 0x00000006c6100000|
|  86|0x00000006c6200000, 0x00000006c6200000, 0x00000006c6300000|  0%| F|  |TS  0|AC  0|TAMS 0x00000006c6200000, 0x00000006c6200000|
|  87|0x00000006c6300000, 0x00000006c6300000, 0x00000006c6400000|  0%| F|  |TS  0|AC  0|TAMS 0x00000006c6300000, 0x00000006c6300000|
|  88|0x00000006c6400000, 0x00000006c6400000, 0x00000006c6500000|  0%| F|  |TS  0|AC  0|TAMS 0x00000006c6400000, 0x00000006c6400000|
|  89|0x00000006c6500000, 0x00000006c6500000, 0x00000006c6600000|  0%| F|  |TS  0|AC  0|TAMS 0x00000006c6500000, 0x00000006c6500000|
|  90|0x00000006c6600000, 0x00000006c6600000, 0x00000006c6700000|  0%| F|  |TS  0|AC  0|TAMS 0x00000006c6600000, 0x00000006c6600000|
|  91|0x00000006c6700000, 0x00000006c6700000, 0x00000006c6800000|  0%| F|  |TS  0|AC  0|TAMS 0x00000006c6700000, 0x00000006c6700000|
|  92|0x00000006c6800000, 0x00000006c6800000, 0x00000006c6900000|  0%| F|  |TS  0|AC  0|TAMS 0x00000006c6800000, 0x00000006c6800000|
|  93|0x00000006c6900000, 0x00000006c6900000, 0x00000006c6a00000|  0%| F|  |TS  0|AC  0|TAMS 0x00000006c6900000, 0x00000006c6900000|
|  94|0x00000006c6a00000, 0x00000006c6a00000, 0x00000006c6b00000|  0%| F|  |TS  0|AC  0|TAMS 0x00000006c6a00000, 0x00000006c6a00000|
|  95|0x00000006c6b00000, 0x00000006c6b00000, 0x00000006c6c00000|  0%| F|  |TS  0|AC  0|TAMS 0x00000006c6b00000, 0x00000006c6b00000|
|  96|0x00000006c6c00000, 0x00000006c6c00000, 0x00000006c6d00000|  0%| F|  |TS  0|AC  0|TAMS 0x00000006c6c00000, 0x00000006c6c00000|
|  97|0x00000006c6d00000, 0x00000006c6d00000, 0x00000006c6e00000|  0%| F|  |TS  0|AC  0|TAMS 0x00000006c6d00000, 0x00000006c6d00000|
|  98|0x00000006c6e00000, 0x00000006c6e00000, 0x00000006c6f00000|  0%| F|  |TS  0|AC  0|TAMS 0x00000006c6e00000, 0x00000006c6e00000|
|  99|0x00000006c6f00000, 0x00000006c6f00000, 0x00000006c7000000|  0%| F|  |TS  0|AC  0|TAMS 0x00000006c6f00000, 0x00000006c6f00000|
| 100|0x00000006c7000000, 0x00000006c7000000, 0x00000006c7100000|  0%| F|  |TS  0|AC  0|TAMS 0x00000006c7000000, 0x00000006c7000000|
| 101|0x00000006c7100000, 0x00000006c7100000, 0x00000006c7200000|  0%| F|  |TS  0|AC  0|TAMS 0x00000006c7100000, 0x00000006c7100000|
| 102|0x00000006c7200000, 0x00000006c7200000, 0x00000006c7300000|  0%| F|  |TS  0|AC  0|TAMS 0x00000006c7200000, 0x00000006c7200000|
| 103|0x00000006c7300000, 0x00000006c7300000, 0x00000006c7400000|  0%| F|  |TS  0|AC  0|TAMS 0x00000006c7300000, 0x00000006c7300000|
| 104|0x00000006c7400000, 0x00000006c7400000, 0x00000006c7500000|  0%| F|  |TS  0|AC  0|TAMS 0x00000006c7400000, 0x00000006c7400000|
| 105|0x00000006c7500000, 0x00000006c7500000, 0x00000006c7600000|  0%| F|  |TS  0|AC  0|TAMS 0x00000006c7500000, 0x00000006c7500000|
| 106|0x00000006c7600000, 0x00000006c7600000, 0x00000006c7700000|  0%| F|  |TS  0|AC  0|TAMS 0x00000006c7600000, 0x00000006c7600000|
| 107|0x00000006c7700000, 0x00000006c7700000, 0x00000006c7800000|  0%| F|  |TS  0|AC  0|TAMS 0x00000006c7700000, 0x00000006c7700000|
| 108|0x00000006c7800000, 0x00000006c7800000, 0x00000006c7900000|  0%| F|  |TS  0|AC  0|TAMS 0x00000006c7800000, 0x00000006c7800000|
| 109|0x00000006c7900000, 0x00000006c7900000, 0x00000006c7a00000|  0%| F|  |TS  0|AC  0|TAMS 0x00000006c7900000, 0x00000006c7900000|
| 110|0x00000006c7a00000, 0x00000006c7a00000, 0x00000006c7b00000|  0%| F|  |TS  0|AC  0|TAMS 0x00000006c7a00000, 0x00000006c7a00000|
| 111|0x00000006c7b00000, 0x00000006c7b00000, 0x00000006c7c00000|  0%| F|  |TS  0|AC  0|TAMS 0x00000006c7b00000, 0x00000006c7b00000|
| 112|0x00000006c7c00000, 0x00000006c7c00000, 0x00000006c7d00000|  0%| F|  |TS  0|AC  0|TAMS 0x00000006c7c00000, 0x00000006c7c00000|
| 113|0x00000006c7d00000, 0x00000006c7d00000, 0x00000006c7e00000|  0%| F|  |TS  0|AC  0|TAMS 0x00000006c7d00000, 0x00000006c7d00000|
| 114|0x00000006c7e00000, 0x00000006c7e00000, 0x00000006c7f00000|  0%| F|  |TS  0|AC  0|TAMS 0x00000006c7e00000, 0x00000006c7e00000|
| 115|0x00000006c7f00000, 0x00000006c7f00000, 0x00000006c8000000|  0%| F|  |TS  0|AC  0|TAMS 0x00000006c7f00000, 0x00000006c7f00000|
| 116|0x00000006c8000000, 0x00000006c8000000, 0x00000006c8100000|  0%| F|  |TS  0|AC  0|TAMS 0x00000006c8000000, 0x00000006c8000000|
| 117|0x00000006c8100000, 0x00000006c8100000, 0x00000006c8200000|  0%| F|  |TS  0|AC  0|TAMS 0x00000006c8100000, 0x00000006c8100000|
| 118|0x00000006c8200000, 0x00000006c8200000, 0x00000006c8300000|  0%| F|  |TS  0|AC  0|TAMS 0x00000006c8200000, 0x00000006c8200000|
| 119|0x00000006c8300000, 0x00000006c8300000, 0x00000006c8400000|  0%| F|  |TS  0|AC  0|TAMS 0x00000006c8300000, 0x00000006c8300000|
| 120|0x00000006c8400000, 0x00000006c8400000, 0x00000006c8500000|  0%| F|  |TS  0|AC  0|TAMS 0x00000006c8400000, 0x00000006c8400000|
| 121|0x00000006c8500000, 0x00000006c8500000, 0x00000006c8600000|  0%| F|  |TS  0|AC  0|TAMS 0x00000006c8500000, 0x00000006c8500000|
| 122|0x00000006c8600000, 0x00000006c8600000, 0x00000006c8700000|  0%| F|  |TS  0|AC  0|TAMS 0x00000006c8600000, 0x00000006c8600000|
| 123|0x00000006c8700000, 0x00000006c8700000, 0x00000006c8800000|  0%| F|  |TS  0|AC  0|TAMS 0x00000006c8700000, 0x00000006c8700000|
| 124|0x00000006c8800000, 0x00000006c8800000, 0x00000006c8900000|  0%| F|  |TS  0|AC  0|TAMS 0x00000006c8800000, 0x00000006c8800000|
| 125|0x00000006c8900000, 0x00000006c8900000, 0x00000006c8a00000|  0%| F|  |TS  0|AC  0|TAMS 0x00000006c8900000, 0x00000006c8900000|
| 126|0x00000006c8a00000, 0x00000006c8a00000, 0x00000006c8b00000|  0%| F|  |TS  0|AC  0|TAMS 0x00000006c8a00000, 0x00000006c8a00000|
| 127|0x00000006c8b00000, 0x00000006c8b00000, 0x00000006c8c00000|  0%| F|  |TS  0|AC  0|TAMS 0x00000006c8b00000, 0x00000006c8b00000|
| 128|0x00000006c8c00000, 0x00000006c8c00000, 0x00000006c8d00000|  0%| F|  |TS  0|AC  0|TAMS 0x00000006c8c00000, 0x00000006c8c00000|
| 129|0x00000006c8d00000, 0x00000006c8d00000, 0x00000006c8e00000|  0%| F|  |TS  0|AC  0|TAMS 0x00000006c8d00000, 0x00000006c8d00000|
| 130|0x00000006c8e00000, 0x00000006c8e00000, 0x00000006c8f00000|  0%| F|  |TS  0|AC  0|TAMS 0x00000006c8e00000, 0x00000006c8e00000|
| 131|0x00000006c8f00000, 0x00000006c8f00000, 0x00000006c9000000|  0%| F|  |TS  0|AC  0|TAMS 0x00000006c8f00000, 0x00000006c8f00000|
| 132|0x00000006c9000000, 0x00000006c9000000, 0x00000006c9100000|  0%| F|  |TS  0|AC  0|TAMS 0x00000006c9000000, 0x00000006c9000000|
| 133|0x00000006c9100000, 0x00000006c9100000, 0x00000006c9200000|  0%| F|  |TS  0|AC  0|TAMS 0x00000006c9100000, 0x00000006c9100000|
| 134|0x00000006c9200000, 0x00000006c9200000, 0x00000006c9300000|  0%| F|  |TS  0|AC  0|TAMS 0x00000006c9200000, 0x00000006c9200000|
| 135|0x00000006c9300000, 0x00000006c9300000, 0x00000006c9400000|  0%| F|  |TS  0|AC  0|TAMS 0x00000006c9300000, 0x00000006c9300000|
| 136|0x00000006c9400000, 0x00000006c9400000, 0x00000006c9500000|  0%| F|  |TS  0|AC  0|TAMS 0x00000006c9400000, 0x00000006c9400000|
| 137|0x00000006c9500000, 0x00000006c9500000, 0x00000006c9600000|  0%| F|  |TS  0|AC  0|TAMS 0x00000006c9500000, 0x00000006c9500000|
| 138|0x00000006c9600000, 0x00000006c9600000, 0x00000006c9700000|  0%| F|  |TS  0|AC  0|TAMS 0x00000006c9600000, 0x00000006c9600000|
| 139|0x00000006c9700000, 0x00000006c9700000, 0x00000006c9800000|  0%| F|  |TS  0|AC  0|TAMS 0x00000006c9700000, 0x00000006c9700000|
| 140|0x00000006c9800000, 0x00000006c9800000, 0x00000006c9900000|  0%| F|  |TS  0|AC  0|TAMS 0x00000006c9800000, 0x00000006c9800000|
| 141|0x00000006c9900000, 0x00000006c9900000, 0x00000006c9a00000|  0%| F|  |TS  0|AC  0|TAMS 0x00000006c9900000, 0x00000006c9900000|
| 142|0x00000006c9a00000, 0x00000006c9a00000, 0x00000006c9b00000|  0%| F|  |TS  0|AC  0|TAMS 0x00000006c9a00000, 0x00000006c9a00000|
| 143|0x00000006c9b00000, 0x00000006c9b00000, 0x00000006c9c00000|  0%| F|  |TS  0|AC  0|TAMS 0x00000006c9b00000, 0x00000006c9b00000|
| 144|0x00000006c9c00000, 0x00000006c9c00000, 0x00000006c9d00000|  0%| F|  |TS  0|AC  0|TAMS 0x00000006c9c00000, 0x00000006c9c00000|
| 145|0x00000006c9d00000, 0x00000006c9d00000, 0x00000006c9e00000|  0%| F|  |TS  0|AC  0|TAMS 0x00000006c9d00000, 0x00000006c9d00000|
| 146|0x00000006c9e00000, 0x00000006c9e00000, 0x00000006c9f00000|  0%| F|  |TS  0|AC  0|TAMS 0x00000006c9e00000, 0x00000006c9e00000|
| 147|0x00000006c9f00000, 0x00000006c9f00000, 0x00000006ca000000|  0%| F|  |TS  0|AC  0|TAMS 0x00000006c9f00000, 0x00000006c9f00000|
| 148|0x00000006ca000000, 0x00000006ca000000, 0x00000006ca100000|  0%| F|  |TS  0|AC  0|TAMS 0x00000006ca000000, 0x00000006ca000000|
| 149|0x00000006ca100000, 0x00000006ca100000, 0x00000006ca200000|  0%| F|  |TS  0|AC  0|TAMS 0x00000006ca100000, 0x00000006ca100000|
| 150|0x00000006ca200000, 0x00000006ca200000, 0x00000006ca300000|  0%| F|  |TS  0|AC  0|TAMS 0x00000006ca200000, 0x00000006ca200000|
| 151|0x00000006ca300000, 0x00000006ca300000, 0x00000006ca400000|  0%| F|  |TS  0|AC  0|TAMS 0x00000006ca300000, 0x00000006ca300000|
| 152|0x00000006ca400000, 0x00000006ca400000, 0x00000006ca500000|  0%| F|  |TS  0|AC  0|TAMS 0x00000006ca400000, 0x00000006ca400000|
| 153|0x00000006ca500000, 0x00000006ca500000, 0x00000006ca600000|  0%| F|  |TS  0|AC  0|TAMS 0x00000006ca500000, 0x00000006ca500000|
| 154|0x00000006ca600000, 0x00000006ca600000, 0x00000006ca700000|  0%| F|  |TS  0|AC  0|TAMS 0x00000006ca600000, 0x00000006ca600000|
| 155|0x00000006ca700000, 0x00000006ca700000, 0x00000006ca800000|  0%| F|  |TS  0|AC  0|TAMS 0x00000006ca700000, 0x00000006ca700000|
| 156|0x00000006ca800000, 0x00000006ca800000, 0x00000006ca900000|  0%| F|  |TS  0|AC  0|TAMS 0x00000006ca800000, 0x00000006ca800000|
| 157|0x00000006ca900000, 0x00000006ca900000, 0x00000006caa00000|  0%| F|  |TS  0|AC  0|TAMS 0x00000006ca900000, 0x00000006ca900000|
| 158|0x00000006caa00000, 0x00000006caa00000, 0x00000006cab00000|  0%| F|  |TS  0|AC  0|TAMS 0x00000006caa00000, 0x00000006caa00000|
| 159|0x00000006cab00000, 0x00000006cab00000, 0x00000006cac00000|  0%| F|  |TS  0|AC  0|TAMS 0x00000006cab00000, 0x00000006cab00000|
| 160|0x00000006cac00000, 0x00000006cac00000, 0x00000006cad00000|  0%| F|  |TS  0|AC  0|TAMS 0x00000006cac00000, 0x00000006cac00000|
| 161|0x00000006cad00000, 0x00000006cad00000, 0x00000006cae00000|  0%| F|  |TS  0|AC  0|TAMS 0x00000006cad00000, 0x00000006cad00000|
| 162|0x00000006cae00000, 0x00000006cae00000, 0x00000006caf00000|  0%| F|  |TS  0|AC  0|TAMS 0x00000006cae00000, 0x00000006cae00000|
| 163|0x00000006caf00000, 0x00000006caf00000, 0x00000006cb000000|  0%| F|  |TS  0|AC  0|TAMS 0x00000006caf00000, 0x00000006caf00000|
| 164|0x00000006cb000000, 0x00000006cb000000, 0x00000006cb100000|  0%| F|  |TS  0|AC  0|TAMS 0x00000006cb000000, 0x00000006cb000000|
| 165|0x00000006cb100000, 0x00000006cb100000, 0x00000006cb200000|  0%| F|  |TS  0|AC  0|TAMS 0x00000006cb100000, 0x00000006cb100000|
| 166|0x00000006cb200000, 0x00000006cb200000, 0x00000006cb300000|  0%| F|  |TS  0|AC  0|TAMS 0x00000006cb200000, 0x00000006cb200000|
| 167|0x00000006cb300000, 0x00000006cb300000, 0x00000006cb400000|  0%| F|  |TS  0|AC  0|TAMS 0x00000006cb300000, 0x00000006cb300000|
| 168|0x00000006cb400000, 0x00000006cb400000, 0x00000006cb500000|  0%| F|  |TS  0|AC  0|TAMS 0x00000006cb400000, 0x00000006cb400000|
| 169|0x00000006cb500000, 0x00000006cb500000, 0x00000006cb600000|  0%| F|  |TS  0|AC  0|TAMS 0x00000006cb500000, 0x00000006cb500000|
| 170|0x00000006cb600000, 0x00000006cb600000, 0x00000006cb700000|  0%| F|  |TS  0|AC  0|TAMS 0x00000006cb600000, 0x00000006cb600000|
| 171|0x00000006cb700000, 0x00000006cb700000, 0x00000006cb800000|  0%| F|  |TS  0|AC  0|TAMS 0x00000006cb700000, 0x00000006cb700000|
| 172|0x00000006cb800000, 0x00000006cb800000, 0x00000006cb900000|  0%| F|  |TS  0|AC  0|TAMS 0x00000006cb800000, 0x00000006cb800000|
| 173|0x00000006cb900000, 0x00000006cb900000, 0x00000006cba00000|  0%| F|  |TS  0|AC  0|TAMS 0x00000006cb900000, 0x00000006cb900000|
| 174|0x00000006cba00000, 0x00000006cba00000, 0x00000006cbb00000|  0%| F|  |TS  0|AC  0|TAMS 0x00000006cba00000, 0x00000006cba00000|
| 175|0x00000006cbb00000, 0x00000006cbb00000, 0x00000006cbc00000|  0%| F|  |TS  0|AC  0|TAMS 0x00000006cbb00000, 0x00000006cbb00000|
| 176|0x00000006cbc00000, 0x00000006cbc00000, 0x00000006cbd00000|  0%| F|  |TS  0|AC  0|TAMS 0x00000006cbc00000, 0x00000006cbc00000|
| 177|0x00000006cbd00000, 0x00000006cbd00000, 0x00000006cbe00000|  0%| F|  |TS  0|AC  0|TAMS 0x00000006cbd00000, 0x00000006cbd00000|
| 178|0x00000006cbe00000, 0x00000006cbe00000, 0x00000006cbf00000|  0%| F|  |TS  0|AC  0|TAMS 0x00000006cbe00000, 0x00000006cbe00000|
| 179|0x00000006cbf00000, 0x00000006cbf00000, 0x00000006cc000000|  0%| F|  |TS  0|AC  0|TAMS 0x00000006cbf00000, 0x00000006cbf00000|
| 180|0x00000006cc000000, 0x00000006cc000000, 0x00000006cc100000|  0%| F|  |TS  0|AC  0|TAMS 0x00000006cc000000, 0x00000006cc000000|
| 181|0x00000006cc100000, 0x00000006cc100000, 0x00000006cc200000|  0%| F|  |TS  0|AC  0|TAMS 0x00000006cc100000, 0x00000006cc100000|
| 182|0x00000006cc200000, 0x00000006cc200000, 0x00000006cc300000|  0%| F|  |TS  0|AC  0|TAMS 0x00000006cc200000, 0x00000006cc200000|
| 183|0x00000006cc300000, 0x00000006cc300000, 0x00000006cc400000|  0%| F|  |TS  0|AC  0|TAMS 0x00000006cc300000, 0x00000006cc300000|
| 184|0x00000006cc400000, 0x00000006cc400000, 0x00000006cc500000|  0%| F|  |TS  0|AC  0|TAMS 0x00000006cc400000, 0x00000006cc400000|
| 185|0x00000006cc500000, 0x00000006cc500000, 0x00000006cc600000|  0%| F|  |TS  0|AC  0|TAMS 0x00000006cc500000, 0x00000006cc500000|
| 186|0x00000006cc600000, 0x00000006cc600000, 0x00000006cc700000|  0%| F|  |TS  0|AC  0|TAMS 0x00000006cc600000, 0x00000006cc600000|
| 187|0x00000006cc700000, 0x00000006cc700000, 0x00000006cc800000|  0%| F|  |TS  0|AC  0|TAMS 0x00000006cc700000, 0x00000006cc700000|
| 188|0x00000006cc800000, 0x00000006cc800000, 0x00000006cc900000|  0%| F|  |TS  0|AC  0|TAMS 0x00000006cc800000, 0x00000006cc800000|
| 189|0x00000006cc900000, 0x00000006cc900000, 0x00000006cca00000|  0%| F|  |TS  0|AC  0|TAMS 0x00000006cc900000, 0x00000006cc900000|
| 190|0x00000006cca00000, 0x00000006cca00000, 0x00000006ccb00000|  0%| F|  |TS  0|AC  0|TAMS 0x00000006cca00000, 0x00000006cca00000|
| 191|0x00000006ccb00000, 0x00000006ccb00000, 0x00000006ccc00000|  0%| F|  |TS  0|AC  0|TAMS 0x00000006ccb00000, 0x00000006ccb00000|
| 192|0x00000006ccc00000, 0x00000006ccc00000, 0x00000006ccd00000|  0%| F|  |TS  0|AC  0|TAMS 0x00000006ccc00000, 0x00000006ccc00000|
| 193|0x00000006ccd00000, 0x00000006ccd00000, 0x00000006cce00000|  0%| F|  |TS  0|AC  0|TAMS 0x00000006ccd00000, 0x00000006ccd00000|
| 194|0x00000006cce00000, 0x00000006cce00000, 0x00000006ccf00000|  0%| F|  |TS  0|AC  0|TAMS 0x00000006cce00000, 0x00000006cce00000|
| 195|0x00000006ccf00000, 0x00000006ccf00000, 0x00000006cd000000|  0%| F|  |TS  0|AC  0|TAMS 0x00000006ccf00000, 0x00000006ccf00000|
| 196|0x00000006cd000000, 0x00000006cd000000, 0x00000006cd100000|  0%| F|  |TS  0|AC  0|TAMS 0x00000006cd000000, 0x00000006cd000000|
| 197|0x00000006cd100000, 0x00000006cd100000, 0x00000006cd200000|  0%| F|  |TS  0|AC  0|TAMS 0x00000006cd100000, 0x00000006cd100000|
| 198|0x00000006cd200000, 0x00000006cd200000, 0x00000006cd300000|  0%| F|  |TS  0|AC  0|TAMS 0x00000006cd200000, 0x00000006cd200000|
| 199|0x00000006cd300000, 0x00000006cd300000, 0x00000006cd400000|  0%| F|  |TS  0|AC  0|TAMS 0x00000006cd300000, 0x00000006cd300000|
| 200|0x00000006cd400000, 0x00000006cd400000, 0x00000006cd500000|  0%| F|  |TS  0|AC  0|TAMS 0x00000006cd400000, 0x00000006cd400000|
| 201|0x00000006cd500000, 0x00000006cd500000, 0x00000006cd600000|  0%| F|  |TS  0|AC  0|TAMS 0x00000006cd500000, 0x00000006cd500000|
| 202|0x00000006cd600000, 0x00000006cd600000, 0x00000006cd700000|  0%| F|  |TS  0|AC  0|TAMS 0x00000006cd600000, 0x00000006cd600000|
| 203|0x00000006cd700000, 0x00000006cd700000, 0x00000006cd800000|  0%| F|  |TS  0|AC  0|TAMS 0x00000006cd700000, 0x00000006cd700000|
| 204|0x00000006cd800000, 0x00000006cd800000, 0x00000006cd900000|  0%| F|  |TS  0|AC  0|TAMS 0x00000006cd800000, 0x00000006cd800000|
| 205|0x00000006cd900000, 0x00000006cd900000, 0x00000006cda00000|  0%| F|  |TS  0|AC  0|TAMS 0x00000006cd900000, 0x00000006cd900000|
| 206|0x00000006cda00000, 0x00000006cda00000, 0x00000006cdb00000|  0%| F|  |TS  0|AC  0|TAMS 0x00000006cda00000, 0x00000006cda00000|
| 207|0x00000006cdb00000, 0x00000006cdb00000, 0x00000006cdc00000|  0%| F|  |TS  0|AC  0|TAMS 0x00000006cdb00000, 0x00000006cdb00000|
| 208|0x00000006cdc00000, 0x00000006cdc00000, 0x00000006cdd00000|  0%| F|  |TS  0|AC  0|TAMS 0x00000006cdc00000, 0x00000006cdc00000|
| 209|0x00000006cdd00000, 0x00000006cdd00000, 0x00000006cde00000|  0%| F|  |TS  0|AC  0|TAMS 0x00000006cdd00000, 0x00000006cdd00000|
| 210|0x00000006cde00000, 0x00000006cde00000, 0x00000006cdf00000|  0%| F|  |TS  0|AC  0|TAMS 0x00000006cde00000, 0x00000006cde00000|
| 211|0x00000006cdf00000, 0x00000006cdf00000, 0x00000006ce000000|  0%| F|  |TS  0|AC  0|TAMS 0x00000006cdf00000, 0x00000006cdf00000|
| 212|0x00000006ce000000, 0x00000006ce000000, 0x00000006ce100000|  0%| F|  |TS  0|AC  0|TAMS 0x00000006ce000000, 0x00000006ce000000|
| 213|0x00000006ce100000, 0x00000006ce100000, 0x00000006ce200000|  0%| F|  |TS  0|AC  0|TAMS 0x00000006ce100000, 0x00000006ce100000|
| 214|0x00000006ce200000, 0x00000006ce200000, 0x00000006ce300000|  0%| F|  |TS  0|AC  0|TAMS 0x00000006ce200000, 0x00000006ce200000|
| 215|0x00000006ce300000, 0x00000006ce300000, 0x00000006ce400000|  0%| F|  |TS  0|AC  0|TAMS 0x00000006ce300000, 0x00000006ce300000|
| 216|0x00000006ce400000, 0x00000006ce400000, 0x00000006ce500000|  0%| F|  |TS  0|AC  0|TAMS 0x00000006ce400000, 0x00000006ce400000|
| 217|0x00000006ce500000, 0x00000006ce500000, 0x00000006ce600000|  0%| F|  |TS  0|AC  0|TAMS 0x00000006ce500000, 0x00000006ce500000|
| 218|0x00000006ce600000, 0x00000006ce600000, 0x00000006ce700000|  0%| F|  |TS  0|AC  0|TAMS 0x00000006ce600000, 0x00000006ce600000|
| 219|0x00000006ce700000, 0x00000006ce700000, 0x00000006ce800000|  0%| F|  |TS  0|AC  0|TAMS 0x00000006ce700000, 0x00000006ce700000|
| 220|0x00000006ce800000, 0x00000006ce800000, 0x00000006ce900000|  0%| F|  |TS  0|AC  0|TAMS 0x00000006ce800000, 0x00000006ce800000|
| 221|0x00000006ce900000, 0x00000006ce900000, 0x00000006cea00000|  0%| F|  |TS  0|AC  0|TAMS 0x00000006ce900000, 0x00000006ce900000|
| 222|0x00000006cea00000, 0x00000006cea00000, 0x00000006ceb00000|  0%| F|  |TS  0|AC  0|TAMS 0x00000006cea00000, 0x00000006cea00000|
| 223|0x00000006ceb00000, 0x00000006ceb00000, 0x00000006cec00000|  0%| F|  |TS  0|AC  0|TAMS 0x00000006ceb00000, 0x00000006ceb00000|
| 224|0x00000006cec00000, 0x00000006cec00000, 0x00000006ced00000|  0%| F|  |TS  0|AC  0|TAMS 0x00000006cec00000, 0x00000006cec00000|
| 225|0x00000006ced00000, 0x00000006ced00000, 0x00000006cee00000|  0%| F|  |TS  0|AC  0|TAMS 0x00000006ced00000, 0x00000006ced00000|
| 226|0x00000006cee00000, 0x00000006cee00000, 0x00000006cef00000|  0%| F|  |TS  0|AC  0|TAMS 0x00000006cee00000, 0x00000006cee00000|
| 227|0x00000006cef00000, 0x00000006cef00000, 0x00000006cf000000|  0%| F|  |TS  0|AC  0|TAMS 0x00000006cef00000, 0x00000006cef00000|
| 228|0x00000006cf000000, 0x00000006cf000000, 0x00000006cf100000|  0%| F|  |TS  0|AC  0|TAMS 0x00000006cf000000, 0x00000006cf000000|
| 229|0x00000006cf100000, 0x00000006cf100000, 0x00000006cf200000|  0%| F|  |TS  0|AC  0|TAMS 0x00000006cf100000, 0x00000006cf100000|
| 230|0x00000006cf200000, 0x00000006cf200000, 0x00000006cf300000|  0%| F|  |TS  0|AC  0|TAMS 0x00000006cf200000, 0x00000006cf200000|
| 231|0x00000006cf300000, 0x00000006cf300000, 0x00000006cf400000|  0%| F|  |TS  0|AC  0|TAMS 0x00000006cf300000, 0x00000006cf300000|
| 232|0x00000006cf400000, 0x00000006cf400000, 0x00000006cf500000|  0%| F|  |TS  0|AC  0|TAMS 0x00000006cf400000, 0x00000006cf400000|
| 233|0x00000006cf500000, 0x00000006cf500000, 0x00000006cf600000|  0%| F|  |TS  0|AC  0|TAMS 0x00000006cf500000, 0x00000006cf500000|
| 234|0x00000006cf600000, 0x00000006cf600000, 0x00000006cf700000|  0%| F|  |TS  0|AC  0|TAMS 0x00000006cf600000, 0x00000006cf600000|
| 235|0x00000006cf700000, 0x00000006cf700000, 0x00000006cf800000|  0%| F|  |TS  0|AC  0|TAMS 0x00000006cf700000, 0x00000006cf700000|
| 236|0x00000006cf800000, 0x00000006cf800000, 0x00000006cf900000|  0%| F|  |TS  0|AC  0|TAMS 0x00000006cf800000, 0x00000006cf800000|
| 237|0x00000006cf900000, 0x00000006cf900000, 0x00000006cfa00000|  0%| F|  |TS  0|AC  0|TAMS 0x00000006cf900000, 0x00000006cf900000|
| 238|0x00000006cfa00000, 0x00000006cfb00000, 0x00000006cfb00000|100%| E|  |TS  0|AC  0|TAMS 0x00000006cfa00000, 0x00000006cfa00000|
| 239|0x00000006cfb00000, 0x00000006cfc00000, 0x00000006cfc00000|100%| E|CS|TS  0|AC  0|TAMS 0x00000006cfb00000, 0x00000006cfb00000|
| 240|0x00000006cfc00000, 0x00000006cfd00000, 0x00000006cfd00000|100%| E|CS|TS  0|AC  0|TAMS 0x00000006cfc00000, 0x00000006cfc00000|
| 241|0x00000006cfd00000, 0x00000006cfe00000, 0x00000006cfe00000|100%| E|CS|TS  0|AC  0|TAMS 0x00000006cfd00000, 0x00000006cfd00000|
| 242|0x00000006cfe00000, 0x00000006cff00000, 0x00000006cff00000|100%| E|CS|TS  0|AC  0|TAMS 0x00000006cfe00000, 0x00000006cfe00000|
| 243|0x00000006cff00000, 0x00000006d0000000, 0x00000006d0000000|100%| E|CS|TS  0|AC  0|TAMS 0x00000006cff00000, 0x00000006cff00000|
| 244|0x00000006d0000000, 0x00000006d0100000, 0x00000006d0100000|100%| E|CS|TS  0|AC  0|TAMS 0x00000006d0000000, 0x00000006d0000000|
| 245|0x00000006d0100000, 0x00000006d0200000, 0x00000006d0200000|100%| E|CS|TS  0|AC  0|TAMS 0x00000006d0100000, 0x00000006d0100000|
| 246|0x00000006d0200000, 0x00000006d0300000, 0x00000006d0300000|100%| E|CS|TS  0|AC  0|TAMS 0x00000006d0200000, 0x00000006d0200000|
| 247|0x00000006d0300000, 0x00000006d0400000, 0x00000006d0400000|100%| E|CS|TS  0|AC  0|TAMS 0x00000006d0300000, 0x00000006d0300000|
| 248|0x00000006d0400000, 0x00000006d0500000, 0x00000006d0500000|100%| E|CS|TS  0|AC  0|TAMS 0x00000006d0400000, 0x00000006d0400000|
| 249|0x00000006d0500000, 0x00000006d0600000, 0x00000006d0600000|100%| E|CS|TS  0|AC  0|TAMS 0x00000006d0500000, 0x00000006d0500000|
| 250|0x00000006d0600000, 0x00000006d0700000, 0x00000006d0700000|100%| E|CS|TS  0|AC  0|TAMS 0x00000006d0600000, 0x00000006d0600000|
| 251|0x00000006d0700000, 0x00000006d0800000, 0x00000006d0800000|100%| E|CS|TS  0|AC  0|TAMS 0x00000006d0700000, 0x00000006d0700000|
| 252|0x00000006d0800000, 0x00000006d0900000, 0x00000006d0900000|100%| E|CS|TS  0|AC  0|TAMS 0x00000006d0800000, 0x00000006d0800000|
| 253|0x00000006d0900000, 0x00000006d0a00000, 0x00000006d0a00000|100%| E|CS|TS  0|AC  0|TAMS 0x00000006d0900000, 0x00000006d0900000|
| 254|0x00000006d0a00000, 0x00000006d0b00000, 0x00000006d0b00000|100%| E|CS|TS  0|AC  0|TAMS 0x00000006d0a00000, 0x00000006d0a00000|
| 255|0x00000006d0b00000, 0x00000006d0c00000, 0x00000006d0c00000|100%| E|CS|TS  0|AC  0|TAMS 0x00000006d0b00000, 0x00000006d0b00000|

Card table byte_map: [0x000000001c8b0000,0x000000001d0b0000] byte_map_base: 0x00000000192aa000

Marking Bits (Prev, Next): (CMBitMap*) 0x00000000258f74d0, (CMBitMap*) 0x00000000258f7508
 Prev Bits: [0x000000001d8b0000, 0x0000000021880000)
 Next Bits: [0x0000000021880000, 0x0000000025850000)

Polling page: 0x0000000000080000

CodeHeap 'non-profiled nmethods': size=120000Kb used=423Kb max_used=423Kb free=119576Kb
 bounds [0x00000000136d0000, 0x0000000013940000, 0x000000001ac00000]
CodeHeap 'profiled nmethods': size=120000Kb used=1520Kb max_used=1523Kb free=118479Kb
 bounds [0x000000000c1a0000, 0x000000000c410000, 0x00000000136d0000]
CodeHeap 'non-nmethods': size=5760Kb used=1270Kb max_used=1281Kb free=4489Kb
 bounds [0x000000000bc00000, 0x000000000be70000, 0x000000000c1a0000]
 total_blobs=1757 nmethods=965 adapters=504
 compilation: enabled

Compilation events (10 events):
Event: 289.735 Thread 0x0000000029f5b800  966       1       sun.java2d.SurfaceData::isValid (5 bytes)
Event: 289.735 Thread 0x0000000029f5b800 nmethod 966 0x0000000013739110 code [0x00000000137392c0, 0x00000000137393d0]
Event: 291.756 Thread 0x0000000029f5b800  967       1       java.awt.Color::getRGB (5 bytes)
Event: 291.756 Thread 0x0000000029f5b800 nmethod 967 0x0000000013739490 code [0x0000000013739640, 0x0000000013739750]
Event: 295.521 Thread 0x0000000029f5b800  968       1       sun.java2d.SurfaceData::isSurfaceLost (5 bytes)
Event: 295.521 Thread 0x0000000029f5b800 nmethod 968 0x0000000013739810 code [0x00000000137399c0, 0x0000000013739ad0]
Event: 295.521 Thread 0x0000000029f5b800  969       1       sun.swing.MenuItemLayoutHelper$RectSize::access$100 (5 bytes)
Event: 295.521 Thread 0x0000000029f5b800 nmethod 969 0x0000000013739b90 code [0x0000000013739d40, 0x0000000013739e30]
Event: 296.851 Thread 0x0000000029f5b800  970       3       Point::toString (40 bytes)
Event: 296.852 Thread 0x0000000029f5b800 nmethod 970 0x000000000c31cf10 code [0x000000000c31d1a0, 0x000000000c31db98]

GC Heap History (0 events):
No events

Deoptimization events (8 events):
Event: 0.137 Thread 0x0000000000145800 Uncommon trap: reason=unstable_if action=reinterpret pc=0x00000000136d4634 method=java.lang.String.hashCode()I @ 14 c2
Event: 0.222 Thread 0x0000000000145800 Uncommon trap: reason=unstable_if action=reinterpret pc=0x00000000136ddefc method=java.lang.String.isLatin1()Z @ 10 c2
Event: 0.223 Thread 0x0000000000145800 Uncommon trap: reason=unstable_if action=reinterpret pc=0x00000000136dbefc method=java.lang.String.isLatin1()Z @ 10 c2
Event: 0.484 Thread 0x0000000000145800 Uncommon trap: reason=unstable_if action=reinterpret pc=0x00000000136db6ac method=java.util.HashMap.putVal(ILjava/lang/Object;Ljava/lang/Object;ZZ)Ljava/lang/Object; @ 69 c2
Event: 0.568 Thread 0x0000000000145800 Uncommon trap: reason=class_check action=maybe_recompile pc=0x0000000013713350 method=java.util.HashMap.getNode(ILjava/lang/Object;)Ljava/util/HashMap$Node; @ 126 c2
Event: 0.662 Thread 0x0000000000145800 Uncommon trap: reason=class_check action=maybe_recompile pc=0x000000001371329c method=java.util.HashMap.getNode(ILjava/lang/Object;)Ljava/util/HashMap$Node; @ 59 c2
Event: 0.665 Thread 0x0000000000145800 Uncommon trap: reason=class_check action=maybe_recompile pc=0x000000001371329c method=java.util.HashMap.getNode(ILjava/lang/Object;)Ljava/util/HashMap$Node; @ 59 c2
Event: 0.665 Thread 0x0000000000145800 Uncommon trap: reason=class_check action=maybe_recompile pc=0x000000001371329c method=java.util.HashMap.getNode(ILjava/lang/Object;)Ljava/util/HashMap$Node; @ 59 c2

Classes redefined (3 events):
Event: 305.690 Thread 0x0000000029ede800 redefined class name=FastCollinearPoints, count=1
Event: 894.491 Thread 0x0000000029ede800 redefined class name=FastCollinearPoints, count=2
Event: 966.909 Thread 0x0000000029ede800 redefined class name=FastCollinearPoints, count=3

Internal exceptions (10 events):
Event: 0.496 Thread 0x0000000000145800 Exception <a 'java/lang/NoSuchMethodError'{0x00000006d01b26c0}: method resolution failed> (0x00000006d01b26c0) thrown at [t:/workspace/src/hotspot/share/prims/methodHandles.cpp, line 1226]
Event: 0.496 Thread 0x0000000000145800 Exception <a 'java/lang/NoSuchMethodError'{0x00000006d01b9ab0}: java.lang.invoke.DirectMethodHandle$Holder.invokeStatic(Ljava/lang/Object;ILjava/lang/Object;Ljava/lang/Object;Ljava/lang/Object;)Ljava/lang/Object;> (0x00000006d01b9ab0) thrown at [t:/worksp
Event: 0.497 Thread 0x0000000000145800 Exception <a 'java/lang/NoSuchMethodError'{0x00000006d01bd6a0}: method resolution failed> (0x00000006d01bd6a0) thrown at [t:/workspace/src/hotspot/share/prims/methodHandles.cpp, line 1226]
Event: 0.521 Thread 0x0000000000145800 Exception <a 'java/lang/ClassNotFoundException'{0x00000006d008d630}: com/sun/swing/internal/plaf/metal/resources/spi/metalProvider> (0x00000006d008d630) thrown at [t:/workspace/src/hotspot/share/classfile/systemDictionary.cpp, line 233]
Event: 0.522 Thread 0x0000000000145800 Exception <a 'java/lang/ClassNotFoundException'{0x00000006d0094458}: com/sun/swing/internal/plaf/basic/resources/spi/basicProvider> (0x00000006d0094458) thrown at [t:/workspace/src/hotspot/share/classfile/systemDictionary.cpp, line 233]
Event: 0.599 Thread 0x0000000000145800 Exception <a 'java/lang/NoSuchMethodError'{0x00000006cfec53c8}: java.lang.invoke.DirectMethodHandle$Holder.invokeStaticInit(Ljava/lang/Object;)V> (0x00000006cfec53c8) thrown at [t:/workspace/src/hotspot/share/interpreter/linkResolver.cpp, line 741]
Event: 0.637 Thread 0x0000000000145800 Exception <a 'java/lang/NoSuchMethodError'{0x00000006cfb07698}: java.lang.invoke.DirectMethodHandle$Holder.invokeStatic(Ljava/lang/Object;Ljava/lang/Object;Ljava/lang/Object;Ljava/lang/Object;Ljava/lang/Object;Ljava/lang/Object;Ljava/lang/Object;Ljava/lan
Event: 0.638 Thread 0x0000000000145800 Exception <a 'java/lang/NoSuchMethodError'{0x00000006cfb28e58}: java.lang.invoke.DirectMethodHandle$Holder.invokeStatic(Ljava/lang/Object;Ljava/lang/Object;Ljava/lang/Object;Ljava/lang/Object;Ljava/lang/Object;Ljava/lang/Object;Ljava/lang/Object;Ljava/lan
Event: 0.640 Thread 0x0000000000145800 Exception <a 'java/lang/NoSuchMethodError'{0x00000006cfb4b728}: java.lang.invoke.DirectMethodHandle$Holder.invokeStatic(Ljava/lang/Object;Ljava/lang/Object;Ljava/lang/Object;Ljava/lang/Object;Ljava/lang/Object;Ljava/lang/Object;Ljava/lang/Object;Ljava/lan
Event: 0.653 Thread 0x0000000000145800 Exception <a 'java/lang/NoSuchMethodError'{0x00000006cfbc2bd0}: java.lang.invoke.DirectMethodHandle$Holder.invokeStatic(Ljava/lang/Object;Ljava/lang/Object;Ljava/lang/Object;Ljava/lang/Object;Ljava/lang/Object;Ljava/lang/Object;Ljava/lang/Object;Ljava/lan

Events (10 events):
Event: 966.910 Executing VM operation: RedefineClasses done
Event: 966.911 Executing VM operation: GetFrameCount
Event: 966.911 Executing VM operation: GetFrameCount done
Event: 966.911 Executing VM operation: GetFrameCount
Event: 966.911 Executing VM operation: GetFrameCount done
Event: 966.911 Executing VM operation: GetFrameLocation
Event: 966.911 Executing VM operation: GetFrameLocation done
Event: 966.911 Executing VM operation: GetFrameLocation
Event: 966.911 Executing VM operation: GetFrameLocation done
Event: 966.911 Executing VM operation: GetOrSetLocal


Dynamic libraries:
0x000000013f960000 - 0x000000013f99d000 	C:\Program Files\Java\jdk-10.0.2\bin\java.exe
0x0000000077380000 - 0x000000007751f000 	C:\Windows\SYSTEM32\ntdll.dll
0x0000000077260000 - 0x000000007737f000 	C:\Windows\system32\kernel32.dll
0x000007fefd1c0000 - 0x000007fefd22a000 	C:\Windows\system32\KERNELBASE.dll
0x0000000077160000 - 0x000000007725a000 	C:\Windows\system32\USER32.dll
0x000007feff4a0000 - 0x000007feff507000 	C:\Windows\system32\GDI32.dll
0x000007feff640000 - 0x000007feff64e000 	C:\Windows\system32\LPK.dll
0x000007fefd490000 - 0x000007fefd55b000 	C:\Windows\system32\USP10.dll
0x000007feff1f0000 - 0x000007feff28f000 	C:\Windows\system32\msvcrt.dll
0x000007fefb540000 - 0x000007fefb734000 	C:\Windows\WinSxS\amd64_microsoft.windows.common-controls_6595b64144ccf1df_6.0.7601.18837_none_fa3b1e3d17594757\COMCTL32.dll
0x000007feff290000 - 0x000007feff301000 	C:\Windows\system32\SHLWAPI.dll
0x000007fefd8b0000 - 0x000007fefd8de000 	C:\Windows\system32\IMM32.DLL
0x000007fefd380000 - 0x000007fefd489000 	C:\Windows\system32\MSCTF.dll
0x000007feee980000 - 0x000007feeea6f000 	C:\Program Files\Java\jdk-10.0.2\bin\msvcr120.dll
0x000007fefa270000 - 0x000007fefa316000 	C:\Program Files\Java\jdk-10.0.2\bin\msvcp120.dll
0x000000006aed0000 - 0x000000006b8bd000 	C:\Program Files\Java\jdk-10.0.2\bin\server\jvm.dll
0x000007fefe2a0000 - 0x000007fefe37b000 	C:\Windows\system32\ADVAPI32.dll
0x000007fefd560000 - 0x000007fefd57f000 	C:\Windows\SYSTEM32\sechost.dll
0x000007feff510000 - 0x000007feff63d000 	C:\Windows\system32\RPCRT4.dll
0x000007fef1010000 - 0x000007fef1019000 	C:\Windows\system32\WSOCK32.dll
0x000007fefd850000 - 0x000007fefd89d000 	C:\Windows\system32\WS2_32.dll
0x000007fefd8a0000 - 0x000007fefd8a8000 	C:\Windows\system32\NSI.dll
0x000007fef7d30000 - 0x000007fef7d6b000 	C:\Windows\system32\WINMM.dll
0x000007fefc180000 - 0x000007fefc18c000 	C:\Windows\system32\VERSION.dll
0x0000000077520000 - 0x0000000077527000 	C:\Windows\system32\PSAPI.DLL
0x000007fefa9d0000 - 0x000007fefa9df000 	C:\Program Files\Java\jdk-10.0.2\bin\verify.dll
0x000007fef69e0000 - 0x000007fef6b05000 	C:\Windows\system32\DBGHELP.DLL
0x000007fefa110000 - 0x000007fefa137000 	C:\Program Files\Java\jdk-10.0.2\bin\java.dll
0x000007fef3b10000 - 0x000007fef3b46000 	C:\Program Files\Java\jdk-10.0.2\bin\jdwp.dll
0x000007fefa030000 - 0x000007fefa05a000 	C:\Program Files\Java\jdk-10.0.2\bin\instrument.dll
0x000007fefa700000 - 0x000007fefa716000 	C:\Program Files\Java\jdk-10.0.2\bin\zip.dll
0x000007fefa9c0000 - 0x000007fefa9ca000 	C:\Program Files\Java\jdk-10.0.2\bin\jimage.dll
0x000007fefe380000 - 0x000007feff10a000 	C:\Windows\system32\SHELL32.dll
0x000007fefe0a0000 - 0x000007fefe29d000 	C:\Windows\system32\ole32.dll
0x000007fefcf30000 - 0x000007fefcf3f000 	C:\Windows\system32\profapi.dll
0x000007fefa1c0000 - 0x000007fefa1ca000 	C:\Program Files\Java\jdk-10.0.2\bin\dt_socket.dll
0x000007fefc6f0000 - 0x000007fefc745000 	C:\Windows\system32\mswsock.dll
0x000007fefbdc0000 - 0x000007fefbdc7000 	C:\Windows\System32\wshtcpip.dll
0x000007fefa0f0000 - 0x000007fefa10a000 	C:\Program Files\Java\jdk-10.0.2\bin\net.dll
0x000007fefa490000 - 0x000007fefa501000 	C:\Windows\system32\WINHTTP.dll
0x000007fefa420000 - 0x000007fefa485000 	C:\Windows\system32\webio.dll
0x000007fefc6e0000 - 0x000007fefc6e7000 	C:\Windows\System32\wship6.dll
0x000007fefa370000 - 0x000007fefa381000 	C:\Program Files\Java\jdk-10.0.2\bin\nio.dll
0x000007fee3cc0000 - 0x000007fee3e5a000 	C:\Program Files\Java\jdk-10.0.2\bin\awt.dll
0x000007feff110000 - 0x000007feff1ea000 	C:\Windows\system32\OLEAUT32.dll
0x000007fee22f0000 - 0x000007fee26b4000 	C:\Windows\system32\d2d1.dll
0x000007fefaf30000 - 0x000007fefaf48000 	C:\Windows\system32\DWMAPI.DLL
0x000007fee1f20000 - 0x000007fee203d000 	C:\Windows\system32\opengl32.dll
0x000007fee3820000 - 0x000007fee384d000 	C:\Windows\system32\GLU32.dll
0x000007fee1e20000 - 0x000007fee1f11000 	C:\Windows\system32\DDRAW.dll
0x000007fef2d70000 - 0x000007fef2d78000 	C:\Windows\system32\DCIMAN32.dll
0x000007fefdec0000 - 0x000007fefe097000 	C:\Windows\system32\SETUPAPI.dll
0x000007fefd120000 - 0x000007fefd156000 	C:\Windows\system32\CFGMGR32.dll
0x000007fefd160000 - 0x000007fefd17a000 	C:\Windows\system32\DEVOBJ.dll
0x000007fefb360000 - 0x000007fefb3b6000 	C:\Windows\system32\uxtheme.dll
0x000007fefcdc0000 - 0x000007fefcdcf000 	C:\Windows\system32\CRYPTBASE.dll
0x000007fef8330000 - 0x000007fef852f000 	C:\Windows\system32\d3d9.dll
0x000007fef8320000 - 0x000007fef8327000 	C:\Windows\system32\d3d8thk.dll
0x000007fedf910000 - 0x000007fee0b10000 	C:\Windows\system32\nvd3dumx.dll
0x000007fefc170000 - 0x000007fefc173000 	C:\Windows\system32\api-ms-win-core-synch-l1-2-0.DLL
0x000007fefa6b0000 - 0x000007fefa6dc000 	C:\Windows\system32\powrprof.dll
0x000007fee0b10000 - 0x000007fee0bd3000 	C:\Program Files (x86)\NVIDIA Corporation\3D Vision\nvSCPAPI64.dll
0x000007fefcf70000 - 0x000007fefd0dd000 	C:\Windows\system32\crypt32.dll
0x000007fefcf20000 - 0x000007fefcf2f000 	C:\Windows\system32\MSASN1.dll
0x000007fefd180000 - 0x000007fefd1bb000 	C:\Windows\system32\WINTRUST.DLL
0x000007feff650000 - 0x000007feff669000 	C:\Windows\system32\imagehlp.dll
0x000007fefc750000 - 0x000007fefc768000 	C:\Windows\system32\CRYPTSP.dll
0x000007fefc450000 - 0x000007fefc497000 	C:\Windows\system32\rsaenh.dll
0x000007fefc8d0000 - 0x000007fefc920000 	C:\Windows\system32\ncrypt.dll
0x000007fefc8a0000 - 0x000007fefc8c2000 	C:\Windows\system32\bcrypt.dll
0x000007fefc390000 - 0x000007fefc3dc000 	C:\Windows\system32\bcryptprimitives.dll
0x000007fefd0f0000 - 0x000007fefd10e000 	C:\Windows\system32\USERENV.dll
0x000007fefc1d0000 - 0x000007fefc1eb000 	C:\Windows\system32\GPAPI.dll
0x000007fef7b40000 - 0x000007fef7b67000 	C:\Windows\system32\cryptnet.dll
0x000007fefd8e0000 - 0x000007fefd932000 	C:\Windows\system32\WLDAP32.dll
0x000007feee0b0000 - 0x000007feee14c000 	C:\Program Files\Java\jdk-10.0.2\bin\freetype.dll
0x000007feef2d0000 - 0x000007feef338000 	C:\Program Files\Java\jdk-10.0.2\bin\fontmanager.dll
0x000007fef0fe0000 - 0x000007fef0fe9000 	C:\Windows\System32\MSSWCH.dll

dbghelp: loaded successfully - version: 4.0.5 - missing functions: none
symbol engine: initialized successfully - sym options: 0x614 - pdb path: .;C:\Program Files\Java\jdk-10.0.2\bin;C:\Windows\SYSTEM32;C:\Windows\WinSxS\amd64_microsoft.windows.common-controls_6595b64144ccf1df_6.0.7601.18837_none_fa3b1e3d17594757;C:\Program Files\Java\jdk-10.0.2\bin\server;C:\Program Files (x86)\NVIDIA Corporation\3D Vision

VM Arguments:
jvm_args: -agentlib:jdwp=transport=dt_socket,address=127.0.0.1:50678,suspend=y,server=n -javaagent:C:\Users\user\.IdeaIC2018.2\system\captureAgent\debugger-agent.jar=file:/C:/Users/user/AppData/Local/Temp/capture.props -Dfile.encoding=UTF-8 
java_command: FastCollinearPoints input8.txt
java_class_path (initial): G:\algorithms\collinear;G:\algorithms\collinear\.lift\algs4.jar;C:\Program Files (x86)\JetBrains\IntelliJ IDEA Community Edition 2018.2\lib\idea_rt.jar
Launcher Type: SUN_STANDARD

Logging:
Log output configuration:
#0: stdout all=warning uptime,level,tags
#1: stderr all=off uptime,level,tags

Environment Variables:
CLASSPATH=C:\Users\user\algs4\algs4.jar
PATH=C:\Program Files\Java\jdk-10.0.2\bin;C:\OSGeo4W64\apps\qgis-ltr\bin;C:\OSGeo4W64\apps\qgis-ltr;C:\OSGeo4W64\apps\grass\grass-7.4.1\lib;C:\OSGeo4W64;C:\OSGeo4W64\bin;C:\Windows\system32;C:\OSGeo4W64\apps\Python27\Scripts;C:\Windows;C:\Windows\System32\Wbem;C:\Windows\System32\WindowsPowerShell\v1.0\;C:\Program Files (x86)\NVIDIA Corporation\PhysX\Common;C:\Program Files (x86)\Windows Kits\8.1\Windows Performance Toolkit\;C:\Program Files\Microsoft SQL Server\110\Tools\Binn\;C:\Program Files (x86)\Microsoft SDKs\TypeScript\1.0\;C:\Program Files (x86)\GitExtensions\;C:\Program Files\Git\bin;C:\Program Files\Git\usr\local\bin;C:\Users\user\algs4\bin;C:\Users\user\algs4\java\bin;
USERNAME=user
OS=Windows_NT
PROCESSOR_IDENTIFIER=Intel64 Family 6 Model 58 Stepping 9, GenuineIntel



---------------  S Y S T E M  ---------------

OS: Windows 7 , 64 bit Build 7601 (6.1.7601.24260)

CPU:total 8 (initial active 8) (4 cores per cpu, 2 threads per core) family 6 model 58 stepping 9, cmov, cx8, fxsr, mmx, sse, sse2, sse3, ssse3, sse4.1, sse4.2, popcnt, avx, aes, clmul, erms, ht, tsc, tscinvbit, tscinv

Memory: 4k page, physical 16723140k(9360772k free), swap 33444380k(19181652k free)

vm_info: OpenJDK 64-Bit Server VM (10.0.2+13) for windows-amd64 JRE (10.0.2+13), built on Jun 28 2018 02:00:24 by "mach5one" with MS VC++ 12.0 (VS2013)

END.
